{
  "build_success": false,
  "build_errors": [
    {
      "file": "src/index.tsx",
      "line": 1,
      "column": 1,
      "code": "TS2349",
      "message": "This expression is not callable.\nType 'String' has no call signatures.",
      "raw": "src/index.tsx(1,1): error TS2349: This expression is not callable.\nType 'String' has no call signatures."
    },
    {
      "file": "src/main.tsx",
      "line": 4,
      "column": 17,
      "code": "TS2307",
      "message": "Cannot find module './App.tsx' or its corresponding type declarations.",
      "raw": "src/main.tsx(4,17): error TS2307: Cannot find module './App.tsx' or its corresponding type declarations."
    },
    {
      "file": "src/types/Habit.ts",
      "line": 1,
      "column": 1,
      "code": "TS2349",
      "message": "This expression is not callable.\nType 'String' has no call signatures.",
      "raw": "src/types/Habit.ts(1,1): error TS2349: This expression is not callable.\nType 'String' has no call signatures."
    }
  ]
}